This is pdfTeX, Version 3.14159265-2.6-1.40.21 (MiKTeX 2.9.7440 64-bit) (preloaded format=pdflatex 2020.6.2)  2 JUN 2020 01:39
entering extended mode
**./main.tex
(main.tex
LaTeX2e <2020-02-02> patch level 5
L3 programming layer <2020-05-15>
\@input{general/config.aux}
\openout2 = `general/config.aux'.

(general/config.tex ("C:\Program Files\MiKTeX 2.9\tex/latex/base\report.cls"
Document Class: report 2019/12/20 v1.4l Standard LaTeX document class
("C:\Program Files\MiKTeX 2.9\tex/latex/base\size12.clo"
File: size12.clo 2019/12/20 v1.4l Standard LaTeX file (size option)
)
\c@part=\count167
\c@chapter=\count168
\c@section=\count169
\c@subsection=\count170
\c@subsubsection=\count171
\c@paragraph=\count172
\c@subparagraph=\count173
\c@figure=\count174
\c@table=\count175
\abovecaptionskip=\skip47
\belowcaptionskip=\skip48
\bibindent=\dimen134
)
("C:\Program Files\MiKTeX 2.9\tex/generic/babel\babel.sty"
Package: babel 2020/05/13 3.44 The Babel package

("C:\Program Files\MiKTeX 2.9\tex/generic/babel\babel.def"
File: babel.def 2020/05/13 3.44 Babel common definitions
\babel@savecnt=\count176
\U@D=\dimen135
\l@babelnohyphens=\language78

("C:\Program Files\MiKTeX 2.9\tex/generic/babel\txtbabel.def")
\bbl@readstream=\read2
)
\bbl@dirlevel=\count177

*************************************
* Local config file bblopts.cfg used
*
("C:\Program Files\MiKTeX 2.9\tex/latex/arabi\bblopts.cfg"
File: bblopts.cfg 2005/09/08 v0.1 add Arabic and Farsi to "declared" options of
 babel
)
("C:\Program Files\MiKTeX 2.9\tex/latex/babel-english\english.ldf"
Language: english 2017/06/06 v3.3r English support from the babel system
Package babel Info: \l@canadian = using hyphenrules for english
(babel)             (\language0) on input line 102.
Package babel Info: \l@australian = using hyphenrules for ukenglish
(babel)             (\language72) on input line 105.
Package babel Info: \l@newzealand = using hyphenrules for ukenglish
(babel)             (\language72) on input line 108.
))
("C:\Program Files\MiKTeX 2.9\tex/latex/base\fontenc.sty"
Package: fontenc 2020/02/11 v2.0o Standard LaTeX package
)
("C:\Program Files\MiKTeX 2.9\tex/latex/ctex\ctex.sty"
("C:\Program Files\MiKTeX 2.9\tex/latex/l3kernel\expl3.sty"
Package: expl3 2020-05-15 L3 programming layer (loader) 

("C:\Program Files\MiKTeX 2.9\tex/latex/l3backend\l3backend-pdfmode.def"
File: l3backend-pdfmode.def 2020-05-05 L3 backend support: PDF mode
\l__kernel_color_stack_int=\count178
\l__pdf_internal_box=\box45
))
Package: ctex 2020/05/16 v2.5.2 Chinese adapter in LaTeX (CTEX)

("C:\Program Files\MiKTeX 2.9\tex/latex/l3packages/xparse\xparse.sty"
Package: xparse 2020-05-15 L3 Experimental document command parser

("C:\Program Files\MiKTeX 2.9\tex/latex/l3packages/xparse\xparse-generic.tex"
\l__xparse_current_arg_int=\count179
\g__xparse_grabber_int=\count180
\l__xparse_m_args_int=\count181
\l__xparse_v_nesting_int=\count182
)) ("C:\Program Files\MiKTeX 2.9\tex/latex/l3packages/l3keys2e\l3keys2e.sty"
Package: l3keys2e 2020-05-15 LaTeX2e option processing using LaTeX3 keys
)
("C:\Program Files\MiKTeX 2.9\tex/latex/ctex\ctexhook.sty"
Package: ctexhook 2020/05/16 v2.5.2 Document and package hooks (CTEX)
)
("C:\Program Files\MiKTeX 2.9\tex/latex/ctex\ctexpatch.sty"
Package: ctexpatch 2020/05/16 v2.5.2 Patching commands (CTEX)
)
("C:\Program Files\MiKTeX 2.9\tex/latex/base\fix-cm.sty"
Package: fix-cm 2015/01/14 v1.1t fixes to LaTeX

("C:\Program Files\MiKTeX 2.9\tex/latex/base\ts1enc.def"
File: ts1enc.def 2001/06/05 v3.0e (jk/car/fm) Standard LaTeX file
LaTeX Font Info:    Redeclaring font encoding TS1 on input line 47.
))
("C:\Program Files\MiKTeX 2.9\tex/latex/ms\everysel.sty"
Package: everysel 2011/10/28 v1.2 EverySelectfont Package (MS)
)
\l__ctex_tmp_int=\count183
\l__ctex_tmp_box=\box46
\l__ctex_tmp_dim=\dimen136
\g__ctex_section_depth_int=\count184
\g__ctex_font_size_int=\count185

("C:\Program Files\MiKTeX 2.9\tex/latex/ctex/config\ctexopts.cfg"
File: ctexopts.cfg 2020/05/16 v2.5.2 Option configuration file (CTEX)
)
("C:\Program Files\MiKTeX 2.9\tex/latex/ctex/engine\ctex-engine-pdftex.def"
File: ctex-engine-pdftex.def 2020/05/16 v2.5.2 (pdf)LaTeX adapter (CTEX)

("C:\Program Files\MiKTeX 2.9\tex/latex/cjk\CJKutf8.sty"
Package: CJKutf8 2015/04/18 4.8.4

("C:\Program Files\MiKTeX 2.9\tex/generic/iftex\ifpdf.sty"
Package: ifpdf 2019/10/25 v3.4 ifpdf legacy package. Use iftex instead.

("C:\Program Files\MiKTeX 2.9\tex/generic/iftex\iftex.sty"
Package: iftex 2020/03/06 v1.0d TeX engine tests
))
("C:\Program Files\MiKTeX 2.9\tex/latex/base\inputenc.sty"
Package: inputenc 2018/08/11 v1.3c Input encoding file
\inpenc@prehook=\toks15
\inpenc@posthook=\toks16
)
("C:\Program Files\MiKTeX 2.9\tex/latex/cjk\CJK.sty"
Package: CJK 2015/04/18 4.8.4

("C:\Program Files\MiKTeX 2.9\tex/latex/cjk/mule\MULEenc.sty"
Package: MULEenc 2015/04/18 4.8.4
)
("C:\Program Files\MiKTeX 2.9\tex/latex/cjk\CJK.enc"
File: CJK.enc 2015/04/18 4.8.4
Now handling font encoding C00 ...
... no UTF-8 mapping file for font encoding C00
Now handling font encoding C05 ...
... no UTF-8 mapping file for font encoding C05
Now handling font encoding C09 ...
... no UTF-8 mapping file for font encoding C09
Now handling font encoding C10 ...
... no UTF-8 mapping file for font encoding C10
Now handling font encoding C20 ...
... no UTF-8 mapping file for font encoding C20
Now handling font encoding C19 ...
... no UTF-8 mapping file for font encoding C19
Now handling font encoding C40 ...
... no UTF-8 mapping file for font encoding C40
Now handling font encoding C42 ...
... no UTF-8 mapping file for font encoding C42
Now handling font encoding C43 ...
... no UTF-8 mapping file for font encoding C43
Now handling font encoding C50 ...
... no UTF-8 mapping file for font encoding C50
Now handling font encoding C52 ...
... no UTF-8 mapping file for font encoding C52
Now handling font encoding C49 ...
... no UTF-8 mapping file for font encoding C49
Now handling font encoding C60 ...
... no UTF-8 mapping file for font encoding C60
Now handling font encoding C61 ...
... no UTF-8 mapping file for font encoding C61
Now handling font encoding C63 ...
... no UTF-8 mapping file for font encoding C63
Now handling font encoding C64 ...
... no UTF-8 mapping file for font encoding C64
Now handling font encoding C65 ...
... no UTF-8 mapping file for font encoding C65
Now handling font encoding C70 ...
... no UTF-8 mapping file for font encoding C70
Now handling font encoding C31 ...
... no UTF-8 mapping file for font encoding C31
Now handling font encoding C32 ...
... no UTF-8 mapping file for font encoding C32
Now handling font encoding C33 ...
... no UTF-8 mapping file for font encoding C33
Now handling font encoding C34 ...
... no UTF-8 mapping file for font encoding C34
Now handling font encoding C35 ...
... no UTF-8 mapping file for font encoding C35
Now handling font encoding C36 ...
... no UTF-8 mapping file for font encoding C36
Now handling font encoding C37 ...
... no UTF-8 mapping file for font encoding C37
Now handling font encoding C80 ...
... no UTF-8 mapping file for font encoding C80
Now handling font encoding C81 ...
... no UTF-8 mapping file for font encoding C81
Now handling font encoding C01 ...
... no UTF-8 mapping file for font encoding C01
Now handling font encoding C11 ...
... no UTF-8 mapping file for font encoding C11
Now handling font encoding C21 ...
... no UTF-8 mapping file for font encoding C21
Now handling font encoding C41 ...
... no UTF-8 mapping file for font encoding C41
Now handling font encoding C62 ...
... no UTF-8 mapping file for font encoding C62
)
LaTeX Info: Redefining \selectfont on input line 755.
\CJK@indent=\box47
)
("C:\Program Files\MiKTeX 2.9\tex/latex/base\fontenc.sty"
Package: fontenc 2020/02/11 v2.0o Standard LaTeX package
))
("C:\Program Files\MiKTeX 2.9\tex/latex/cjkpunct\CJKpunct.sty"
Package: CJKpunct 2016/05/14 4.8.4
\CJKpunct@cnta=\count186
\CJKpunct@cntb=\count187
\CJKpunct@cntc=\count188
\CJKpunct@cntd=\count189
\CJKpunct@cnte=\count190
   defining Unicode char U+2018 (decimal 8216)
   defining Unicode char U+2019 (decimal 8217)
   defining Unicode char U+201C (decimal 8220)
   defining Unicode char U+201D (decimal 8221)
   defining Unicode char U+2014 (decimal 8212)
   defining Unicode char U+2026 (decimal 8230)

("C:\Program Files\MiKTeX 2.9\tex/latex/cjkpunct\CJKpunct.spa"))
("C:\Program Files\MiKTeX 2.9\tex/latex/cjk\CJKspace.sty"
Package: CJKspace 2015/04/18 3.8.0
)
("C:\Program Files\MiKTeX 2.9\tex/latex/ctex\ctexspa.def"
File: ctexspa.def 2020/05/16 v2.5.2 Space info for CJKpunct (CTEX)
)
\ccwd=\dimen137
\l__ctex_ccglue_skip=\skip49
)
\l__ctex_ziju_dim=\dimen138

("C:\Program Files\MiKTeX 2.9\tex/latex/zhnumber\zhnumber.sty"
Package: zhnumber 2020/05/01 v2.8 Typesetting numbers with Chinese glyphs
\l__zhnum_scale_int=\count191
\l__zhnum_byte_min_int=\count192
\l__zhnum_byte_max_int=\count193

("C:\Program Files\MiKTeX 2.9\tex/latex/zhnumber\zhnumber-utf8.cfg"
File: zhnumber-utf8.cfg 2020/05/01 v2.8 Chinese numerals with UTF8 encoding
))
("C:\Program Files\MiKTeX 2.9\tex/latex/ctex/scheme\ctex-scheme-chinese.def"
File: ctex-scheme-chinese.def 2020/05/16 v2.5.2 Chinese scheme for generic (CTE
X)

("C:\Program Files\MiKTeX 2.9\tex/latex/ctex/config\ctex-name-utf8.cfg"
File: ctex-name-utf8.cfg 2020/05/16 v2.5.2 Caption with encoding UTF-8 (CTEX)
))
("C:\Program Files\MiKTeX 2.9\tex/latex/tools\indentfirst.sty"
Package: indentfirst 1995/11/23 v1.03 Indent first paragraph (DPC)
)
("C:\Program Files\MiKTeX 2.9\tex/latex/ctex/fontset\ctex-fontset-windows.def"
File: ctex-fontset-windows.def 2020/05/16 v2.5.2 Windows fonts definition (CTEX
)
)) ("C:\Program Files\MiKTeX 2.9\tex/latex/ctex/config\ctex.cfg"
File: ctex.cfg 2020/05/16 v2.5.2 Configuration file (CTEX)
)
("C:\Program Files\MiKTeX 2.9\tex/latex/amsmath\amsmath.sty"
Package: amsmath 2020/01/20 v2.17e AMS math features
\@mathmargin=\skip50

For additional information on amsmath, use the `?' option.
("C:\Program Files\MiKTeX 2.9\tex/latex/amsmath\amstext.sty"
Package: amstext 2000/06/29 v2.01 AMS text

("C:\Program Files\MiKTeX 2.9\tex/latex/amsmath\amsgen.sty"
File: amsgen.sty 1999/11/30 v2.0 generic functions
\@emptytoks=\toks17
\ex@=\dimen139
))
("C:\Program Files\MiKTeX 2.9\tex/latex/amsmath\amsbsy.sty"
Package: amsbsy 1999/11/29 v1.2d Bold Symbols
\pmbraise@=\dimen140
)
("C:\Program Files\MiKTeX 2.9\tex/latex/amsmath\amsopn.sty"
Package: amsopn 2016/03/08 v2.02 operator names
)
\inf@bad=\count194
LaTeX Info: Redefining \frac on input line 227.
\uproot@=\count195
\leftroot@=\count196
LaTeX Info: Redefining \overline on input line 389.
\classnum@=\count197
\DOTSCASE@=\count198
LaTeX Info: Redefining \ldots on input line 486.
LaTeX Info: Redefining \dots on input line 489.
LaTeX Info: Redefining \cdots on input line 610.
\Mathstrutbox@=\box48
\strutbox@=\box49
\big@size=\dimen141
LaTeX Font Info:    Redeclaring font encoding OML on input line 733.
LaTeX Font Info:    Redeclaring font encoding OMS on input line 734.
\macc@depth=\count199
\c@MaxMatrixCols=\count266
\dotsspace@=\muskip16
\c@parentequation=\count267
\dspbrk@lvl=\count268
\tag@help=\toks18
\row@=\count269
\column@=\count270
\maxfields@=\count271
\andhelp@=\toks19
\eqnshift@=\dimen142
\alignsep@=\dimen143
\tagshift@=\dimen144
\tagwidth@=\dimen145
\totwidth@=\dimen146
\lineht@=\dimen147
\@envbody=\toks20
\multlinegap=\skip51
\multlinetaggap=\skip52
\mathdisplay@stack=\toks21
LaTeX Info: Redefining \[ on input line 2859.
LaTeX Info: Redefining \] on input line 2860.
)
("C:\Program Files\MiKTeX 2.9\tex/latex/graphics\graphicx.sty"
Package: graphicx 2019/11/30 v1.2a Enhanced LaTeX Graphics (DPC,SPQR)

("C:\Program Files\MiKTeX 2.9\tex/latex/graphics\keyval.sty"
Package: keyval 2014/10/28 v1.15 key=value parser (DPC)
\KV@toks@=\toks22
)
("C:\Program Files\MiKTeX 2.9\tex/latex/graphics\graphics.sty"
Package: graphics 2019/11/30 v1.4a Standard LaTeX Graphics (DPC,SPQR)

("C:\Program Files\MiKTeX 2.9\tex/latex/graphics\trig.sty"
Package: trig 2016/01/03 v1.10 sin cos tan (DPC)
)
("C:\Program Files\MiKTeX 2.9\tex/latex/graphics-cfg\graphics.cfg"
File: graphics.cfg 2016/06/04 v1.11 sample graphics configuration
)
Package graphics Info: Driver file: pdftex.def on input line 105.

("C:\Program Files\MiKTeX 2.9\tex/latex/graphics-def\pdftex.def"
File: pdftex.def 2018/01/08 v1.0l Graphics/color driver for pdftex
))
\Gin@req@height=\dimen148
\Gin@req@width=\dimen149
)
("C:\Program Files\MiKTeX 2.9\tex/latex/tools\array.sty"
Package: array 2019/08/31 v2.4l Tabular extension package (FMi)
\col@sep=\dimen150
\ar@mcellbox=\box50
\extrarowheight=\dimen151
\NC@list=\toks23
\extratabsurround=\skip53
\backup@length=\skip54
\ar@cellbox=\box51
)
("C:\Program Files\MiKTeX 2.9\tex/latex/float\float.sty"
Package: float 2001/11/08 v1.3d Float enhancements (AL)
\c@float@type=\count272
\float@exts=\toks24
\float@box=\box52
\@float@everytoks=\toks25
\@floatcapt=\box53
)
("C:\Program Files\MiKTeX 2.9\tex/latex/multirow\multirow.sty"
Package: multirow 2019/05/31 v2.5 Span multiple rows of a table
\multirow@colwidth=\skip55
\multirow@cntb=\count273
\multirow@dima=\skip56
\bigstrutjot=\dimen152
)
("C:\Program Files\MiKTeX 2.9\tex/latex/tools\longtable.sty"
Package: longtable 2020/01/07 v4.13 Multi-page Table package (DPC)
\LTleft=\skip57
\LTright=\skip58
\LTpre=\skip59
\LTpost=\skip60
\LTchunksize=\count274
\LTcapwidth=\dimen153
\LT@head=\box54
\LT@firsthead=\box55
\LT@foot=\box56
\LT@lastfoot=\box57
\LT@cols=\count275
\LT@rows=\count276
\c@LT@tables=\count277
\c@LT@chunks=\count278
\LT@p@ftn=\toks26
)
("C:\Program Files\MiKTeX 2.9\tex/latex/xcolor\xcolor.sty"
Package: xcolor 2016/05/11 v2.12 LaTeX color extensions (UK)

("C:\Program Files\MiKTeX 2.9\tex/latex/graphics-cfg\color.cfg"
File: color.cfg 2016/01/02 v1.6 sample color configuration
)
Package xcolor Info: Driver file: pdftex.def on input line 225.

("C:\Program Files\MiKTeX 2.9\tex/latex/colortbl\colortbl.sty"
Package: colortbl 2020/01/04 v1.0e Color table columns (DPC)
\everycr=\toks27
\minrowclearance=\skip61
)
\rownum=\count279
Package xcolor Info: Model `cmy' substituted by `cmy0' on input line 1348.
Package xcolor Info: Model `hsb' substituted by `rgb' on input line 1352.
Package xcolor Info: Model `RGB' extended on input line 1364.
Package xcolor Info: Model `HTML' substituted by `rgb' on input line 1366.
Package xcolor Info: Model `Hsb' substituted by `hsb' on input line 1367.
Package xcolor Info: Model `tHsb' substituted by `hsb' on input line 1368.
Package xcolor Info: Model `HSB' substituted by `hsb' on input line 1369.
Package xcolor Info: Model `Gray' substituted by `gray' on input line 1370.
Package xcolor Info: Model `wave' substituted by `hsb' on input line 1371.
)
("C:\Program Files\MiKTeX 2.9\tex/latex/tools\multicol.sty"
Package: multicol 2019/12/09 v1.8y multicolumn formatting (FMi)
\c@tracingmulticols=\count280
\mult@box=\box58
\multicol@leftmargin=\dimen154
\c@unbalance=\count281
\c@collectmore=\count282
\doublecol@number=\count283
\multicoltolerance=\count284
\multicolpretolerance=\count285
\full@width=\dimen155
\page@free=\dimen156
\premulticols=\dimen157
\postmulticols=\dimen158
\multicolsep=\skip62
\multicolbaselineskip=\skip63
\partial@page=\box59
\last@line=\box60
\maxbalancingoverflow=\dimen159
\mult@rightbox=\box61
\mult@grightbox=\box62
\mult@gfirstbox=\box63
\mult@firstbox=\box64
\@tempa=\box65
\@tempa=\box66
\@tempa=\box67
\@tempa=\box68
\@tempa=\box69
\@tempa=\box70
\@tempa=\box71
\@tempa=\box72
\@tempa=\box73
\@tempa=\box74
\@tempa=\box75
\@tempa=\box76
\@tempa=\box77
\@tempa=\box78
\@tempa=\box79
\@tempa=\box80
\@tempa=\box81
\@tempa=\box82
\@tempa=\box83
\@tempa=\box84
\@tempa=\box85
\@tempa=\box86
\@tempa=\box87
\@tempa=\box88
\@tempa=\box89
\@tempa=\box90
\@tempa=\box91
\@tempa=\box92
\@tempa=\box93
\@tempa=\box94
\@tempa=\box95
\@tempa=\box96
\@tempa=\box97
\@tempa=\box98
\@tempa=\box99
\@tempa=\box100
\@tempa=\box101
\c@minrows=\count286
\c@columnbadness=\count287
\c@finalcolumnbadness=\count288
\last@try=\dimen160
\multicolovershoot=\dimen161
\multicolundershoot=\dimen162
\mult@nat@firstbox=\box102
\colbreak@box=\box103
\mc@col@check@num=\count289
)
("C:\Program Files\MiKTeX 2.9\tex/latex/gloss\gloss.sty"
Package: gloss 2002/07/26 1.5.2 Gloss package
\glosshang=\skip64
)
("C:\Program Files\MiKTeX 2.9\tex/latex/anysize\anysize.sty"
Package: anysize 1994/08/13 setting margin sizes

document style option `anysize' loaded
Michael Salzenberg, Thomas Esser, Dirk Hillbrecht
Version 1.0, Aug 13, 1994
\@Leftmargin=\dimen163
\@Rightmargin=\dimen164
\@Topmargin=\dimen165
\@Bottommargin=\dimen166
) ("C:\Program Files\MiKTeX 2.9\tex/latex/multirow\bigstrut.sty"
Package: bigstrut 2019/05/31 v2.5 Provide larger struts in tabulars
)
("C:\Program Files\MiKTeX 2.9\tex/latex/appendix\appendix.sty"
Package: appendix 2020/02/08 v1.2c extra appendix facilities
\c@@pps=\count290
\c@@ppsavesec=\count291
\c@@ppsaveapp=\count292
)
("C:\Program Files\MiKTeX 2.9\tex/latex/graphics\lscape.sty"
Package: lscape 2000/10/22 v3.01 Landscape Pages (DPC)
)
("C:\Program Files\MiKTeX 2.9\tex/latex/pdflscape\pdflscape.sty"
Package: pdflscape 2019/12/05 v0.12 Display of landscape pages in PDF (HO)
Package pdflscape Info: Auto-detected driver: pdftex on input line 81.
)
("C:\Program Files\MiKTeX 2.9\tex/latex/listings\listings.sty"
\lst@mode=\count293
\lst@gtempboxa=\box104
\lst@token=\toks28
\lst@length=\count294
\lst@currlwidth=\dimen167
\lst@column=\count295
\lst@pos=\count296
\lst@lostspace=\dimen168
\lst@width=\dimen169
\lst@newlines=\count297
\lst@lineno=\count298
\lst@maxwidth=\dimen170

("C:\Program Files\MiKTeX 2.9\tex/latex/listings\lstmisc.sty"
File: lstmisc.sty 2020/03/24 1.8d (Carsten Heinz)
\c@lstnumber=\count299
\lst@skipnumbers=\count300
\lst@framebox=\box105
)
("C:\Program Files\MiKTeX 2.9\tex/latex/listings\listings.cfg"
File: listings.cfg 2020/03/24 1.8d listings configuration
))
Package: listings 2020/03/24 1.8d (Carsten Heinz)

("C:\Program Files\MiKTeX 2.9\tex/latex/setspace\setspace.sty"
Package: setspace 2011/12/19 v6.7a set line spacing
)
("C:\Program Files\MiKTeX 2.9\tex/latex/tools\enumerate.sty"
Package: enumerate 2015/07/23 v3.00 enumerate extensions (DPC)
\@enLab=\toks29
)
("C:\Program Files\MiKTeX 2.9\tex/latex/ragged2e\ragged2e.sty"
Package: ragged2e 2019/07/28 v2.2 ragged2e Package (MS)
\CenteringLeftskip=\skip65
\RaggedLeftLeftskip=\skip66
\RaggedRightLeftskip=\skip67
\CenteringRightskip=\skip68
\RaggedLeftRightskip=\skip69
\RaggedRightRightskip=\skip70
\CenteringParfillskip=\skip71
\RaggedLeftParfillskip=\skip72
\RaggedRightParfillskip=\skip73
\JustifyingParfillskip=\skip74
\CenteringParindent=\skip75
\RaggedLeftParindent=\skip76
\RaggedRightParindent=\skip77
\JustifyingParindent=\skip78
)
("C:\Program Files\MiKTeX 2.9\tex/latex/comment\comment.sty"
\CommentStream=\write3

Excluding comment 'comment')
("C:\Program Files\MiKTeX 2.9\tex/latex/pslatex\pslatex.sty"
Package: pslatex 1996/07/24 v1.2 pslatex emulation (DPC)
LaTeX Font Info:    Redeclaring symbol font `operators' on input line 65.
LaTeX Font Info:    Overwriting symbol font `operators' in version `normal'
(Font)                  OT1/cmr/m/n --> OT1/ptmcm/m/n on input line 65.
LaTeX Font Info:    Overwriting symbol font `operators' in version `bold'
(Font)                  OT1/cmr/bx/n --> OT1/ptmcm/m/n on input line 65.
LaTeX Font Info:    Redeclaring symbol font `letters' on input line 66.
LaTeX Font Info:    Overwriting symbol font `letters' in version `normal'
(Font)                  OML/cmm/m/it --> OML/ptmcm/m/it on input line 66.
LaTeX Font Info:    Overwriting symbol font `letters' in version `bold'
(Font)                  OML/cmm/b/it --> OML/ptmcm/m/it on input line 66.
LaTeX Font Info:    Redeclaring symbol font `symbols' on input line 67.
LaTeX Font Info:    Overwriting symbol font `symbols' in version `normal'
(Font)                  OMS/cmsy/m/n --> OMS/pzccm/m/n on input line 67.
LaTeX Font Info:    Overwriting symbol font `symbols' in version `bold'
(Font)                  OMS/cmsy/b/n --> OMS/pzccm/m/n on input line 67.
LaTeX Font Info:    Redeclaring symbol font `largesymbols' on input line 68.
LaTeX Font Info:    Overwriting symbol font `largesymbols' in version `normal'
(Font)                  OMX/cmex/m/n --> OMX/psycm/m/n on input line 68.
LaTeX Font Info:    Overwriting symbol font `largesymbols' in version `bold'
(Font)                  OMX/cmex/m/n --> OMX/psycm/m/n on input line 68.
\symbold=\mathgroup4
\symitalic=\mathgroup5
LaTeX Font Info:    Redeclaring math alphabet \mathbf on input line 74.
LaTeX Font Info:    Overwriting math alphabet `\mathbf' in version `normal'
(Font)                  OT1/cmr/bx/n --> OT1/ptm/bx/n on input line 74.
LaTeX Font Info:    Overwriting math alphabet `\mathbf' in version `bold'
(Font)                  OT1/cmr/bx/n --> OT1/ptm/bx/n on input line 74.
LaTeX Font Info:    Redeclaring math alphabet \mathit on input line 75.
LaTeX Font Info:    Overwriting math alphabet `\mathit' in version `normal'
(Font)                  OT1/cmr/m/it --> OT1/ptm/m/it on input line 75.
LaTeX Font Info:    Overwriting math alphabet `\mathit' in version `bold'
(Font)                  OT1/cmr/bx/it --> OT1/ptm/m/it on input line 75.


LaTeX Warning: Font shape declaration has incorrect series value `mc'.
               It should not contain an `m'! Please correct it.
               Found on input line 226.


LaTeX Warning: Font shape declaration has incorrect series value `mc'.
               It should not contain an `m'! Please correct it.
               Found on input line 230.


LaTeX Warning: Font shape declaration has incorrect series value `mc'.
               It should not contain an `m'! Please correct it.
               Found on input line 234.


LaTeX Warning: Font shape declaration has incorrect series value `mc'.
               It should not contain an `m'! Please correct it.
               Found on input line 243.


LaTeX Warning: Font shape declaration has incorrect series value `mc'.
               It should not contain an `m'! Please correct it.
               Found on input line 384.


LaTeX Warning: Font shape declaration has incorrect series value `mc'.
               It should not contain an `m'! Please correct it.
               Found on input line 388.


LaTeX Warning: Font shape declaration has incorrect series value `mc'.
               It should not contain an `m'! Please correct it.
               Found on input line 392.


LaTeX Warning: Font shape declaration has incorrect series value `mc'.
               It should not contain an `m'! Please correct it.
               Found on input line 401.

) ("C:\Program Files\MiKTeX 2.9\tex/latex/apacite\apacite.sty"
Package: apacite 2013/07/21 v6.03 APA citation
\c@BibCnt=\count301
\bibleftmargin=\skip79
\bibindent=\skip80
\bibparsep=\skip81
\bibitemsep=\skip82
\biblabelsep=\skip83
)
("C:\Program Files\MiKTeX 2.9\tex/latex/base\fixltx2e.sty"
Package: fixltx2e 2016/12/29 v2.1a fixes to LaTeX (obsolete)
Applying: [2015/01/01] Old fixltx2e package on input line 46.


Package fixltx2e Warning: fixltx2e is not required with releases after 2015
(fixltx2e)                All fixes are now in the LaTeX kernel.
(fixltx2e)                See the latexrelease package for details.

Already applied: [0000/00/00] Old fixltx2e package on input line 53.
) ("C:\Program Files\MiKTeX 2.9\tex/latex/caption\caption.sty"
Package: caption 2020/05/10 v3.4j Customizing captions (AR)

("C:\Program Files\MiKTeX 2.9\tex/latex/caption\caption3.sty"
Package: caption3 2020/05/10 v1.11 caption3 kernel (AR)
Package caption3 Info: TeX engine: e-TeX on input line 61.
\captionmargin=\dimen171
\captionmargin@=\dimen172
\captionwidth=\dimen173
\caption@tempdima=\dimen174
\caption@indent=\dimen175
\caption@parindent=\dimen176
\caption@hangindent=\dimen177
Package caption Info: Standard document class detected.
)
\c@caption@flags=\count302
\c@continuedfloat=\count303
Package caption Info: float package is loaded.
Package caption Info: listings package is loaded.
Package caption Info: longtable package is loaded.

("C:\Program Files\MiKTeX 2.9\tex/latex/caption\ltcaption.sty"
Package: ltcaption 2018/08/26 v1.4a longtable captions (AR)
))
("C:\Program Files\MiKTeX 2.9\tex/latex/geometry\geometry.sty"
Package: geometry 2020/01/02 v5.9 Page Geometry

("C:\Program Files\MiKTeX 2.9\tex/generic/iftex\ifvtex.sty"
Package: ifvtex 2019/10/25 v1.7 ifvtex legacy package. Use iftex instead.
)
\Gm@cnth=\count304
\Gm@cntv=\count305
\c@Gm@tempcnt=\count306
\Gm@bindingoffset=\dimen178
\Gm@wd@mp=\dimen179
\Gm@odd@mp=\dimen180
\Gm@even@mp=\dimen181
\Gm@layoutwidth=\dimen182
\Gm@layoutheight=\dimen183
\Gm@layouthoffset=\dimen184
\Gm@layoutvoffset=\dimen185
\Gm@dimlist=\toks30

("C:\Program Files\MiKTeX 2.9\tex/latex/geometry\geometry.cfg"))
("C:\Program Files\MiKTeX 2.9\tex/latex/fancyhdr\fancyhdr.sty"
Package: fancyhdr 2019/01/31 v3.10 Extensive control of page headers and footer
s
\f@nch@headwidth=\skip84
\f@nch@O@elh=\skip85
\f@nch@O@erh=\skip86
\f@nch@O@olh=\skip87
\f@nch@O@orh=\skip88
\f@nch@O@elf=\skip89
\f@nch@O@erf=\skip90
\f@nch@O@olf=\skip91
\f@nch@O@orf=\skip92
)
("C:\Program Files\MiKTeX 2.9\tex/latex/blindtext\blindtext.sty"
Package: blindtext 2012/01/06 V2.0 blindtext-Package

("C:\Program Files\MiKTeX 2.9\tex/latex/tools\xspace.sty"
Package: xspace 2014/10/28 v1.13 Space after command names (DPC,MH)
)
\c@blindtext=\count307
\c@Blindtext=\count308
\c@blind@countparstart=\count309
\blind@countxx=\count310
\blindtext@numBlindtext=\count311
\blind@countyy=\count312
\c@blindlist=\count313
\c@blindlistlevel=\count314
\c@blindlist@level=\count315
\blind@listitem=\count316
\c@blind@listcount=\count317
\c@blind@levelcount=\count318
\blind@mathformula=\count319
\blind@Mathformula=\count320
\c@blind@randomcount=\count321
\c@blind@randommax=\count322
\c@blind@pangramcount=\count323
\c@blind@pangrammax=\count324
)
("C:\Program Files\MiKTeX 2.9\tex/latex/pdfpages\pdfpages.sty"
Package: pdfpages 2020/01/28 v0.5q Insert pages of external PDF documents (AM)

("C:\Program Files\MiKTeX 2.9\tex/latex/base\ifthen.sty"
Package: ifthen 2014/09/29 v1.1c Standard LaTeX ifthen package (DPC)
)
("C:\Program Files\MiKTeX 2.9\tex/latex/tools\calc.sty"
Package: calc 2017/05/25 v4.3 Infix arithmetic (KKT,FJ)
\calc@Acount=\count325
\calc@Bcount=\count326
\calc@Adimen=\dimen186
\calc@Bdimen=\dimen187
\calc@Askip=\skip93
\calc@Bskip=\skip94
LaTeX Info: Redefining \setlength on input line 80.
LaTeX Info: Redefining \addtolength on input line 81.
\calc@Ccount=\count327
\calc@Cskip=\skip95
)
("C:\Program Files\MiKTeX 2.9\tex/latex/eso-pic\eso-pic.sty"
Package: eso-pic 2018/04/12 v2.0h eso-pic (RN)

("C:\Program Files\MiKTeX 2.9\tex/generic/atbegshi\atbegshi.sty"
Package: atbegshi 2019/12/05 v1.19 At begin shipout hook (HO)

("C:\Program Files\MiKTeX 2.9\tex/generic/infwarerr\infwarerr.sty"
Package: infwarerr 2019/12/03 v1.5 Providing info/warning/error messages (HO)
)
("C:\Program Files\MiKTeX 2.9\tex/generic/ltxcmds\ltxcmds.sty"
Package: ltxcmds 2019/12/15 v1.24 LaTeX kernel commands for general use (HO)
)))
\AM@pagewidth=\dimen188
\AM@pageheight=\dimen189

("C:\Program Files\MiKTeX 2.9\tex/latex/pdfpages\pppdftex.def"
File: pppdftex.def 2020/01/28 v0.5q Pdfpages driver for pdfTeX (AM)
)
\AM@pagebox=\box106
\AM@global@opts=\toks31
\AM@pagecnt=\count328
\AM@toc@title=\toks32
\c@AM@survey=\count329
\AM@templatesizebox=\box107
)
("C:\Program Files\MiKTeX 2.9\tex/latex/datetime\datetime.sty"
Package: datetime 2015/03/20 v2.60 Date Time Package

("C:\Program Files\MiKTeX 2.9\tex/latex/etoolbox\etoolbox.sty"
Package: etoolbox 2019/09/21 v2.5h e-TeX tools for LaTeX (JAW)
\etb@tempcnta=\count330
)
("C:\Program Files\MiKTeX 2.9\tex/latex/fmtcount\fmtcount.sty"
Package: fmtcount 2020/01/30 v3.07

("C:\Program Files\MiKTeX 2.9\tex/latex/xkeyval\xkeyval.sty"
Package: xkeyval 2014/12/03 v2.7a package option processing (HA)

("C:\Program Files\MiKTeX 2.9\tex/generic/xkeyval\xkeyval.tex"
("C:\Program Files\MiKTeX 2.9\tex/generic/xkeyval\xkvutils.tex"
\XKV@toks=\toks33
\XKV@tempa@toks=\toks34
)
\XKV@depth=\count331
File: xkeyval.tex 2014/12/03 v2.7a key=value parser (HA)
))
("C:\Program Files\MiKTeX 2.9\tex/latex/fmtcount\fcprefix.sty"
Package: fcprefix 2012/09/28

("C:\Program Files\MiKTeX 2.9\tex/latex/fmtcount\fcnumparser.sty"
Package: fcnumparser 2017/06/15
\fc@digit@counter=\count332
))
\c@padzeroesN=\count333
\fc@tmpcatcode=\count334

("C:\Program Files\MiKTeX 2.9\tex/latex/fmtcount\fc-english.def"
File: fc-english.def 2016/01/12
)
\@DT@modctr=\count335
\@ordinalctr=\count336
\@orgargctr=\count337
\@strctr=\count338
\@tmpstrctr=\count339
\@DT@loopN=\count340
\@DT@X=\count341
)
("C:\Program Files\MiKTeX 2.9\tex/latex/datetime\datetime-defaults.sty"
Package: datetime-defaults 2013/09/10
)
\@day=\count342
\@month=\count343
\@year=\count344
\c@HOUR=\count345
\c@HOURXII=\count346
\c@MINUTE=\count347
\c@TOHOUR=\count348
\c@TOMINUTE=\count349
\c@SECOND=\count350
\currenthour=\count351
\currentminute=\count352
\currentsecond=\count353
Package datetime Info: No datetime.cfg file found, using default settings on in
put line 308.
\@dtctr=\count354
\dayofyear=\count355
\dayofweek=\count356
LaTeX Info: Redefining \today on input line 736.
\dt@a=\toks35
\dt@b=\toks36
)
("C:\Program Files\MiKTeX 2.9\tex/latex/mdwtools\footnote.sty"
Package: footnote 1997/01/28 1.13 Save footnotes around boxes
\fn@notes=\box108
\fn@width=\dimen190
)
("C:\Program Files\MiKTeX 2.9\tex/latex/enumitem\enumitem.sty"
Package: enumitem 2019/06/20 v3.9 Customized lists
\labelindent=\skip96
\enit@outerparindent=\dimen191
\enit@toks=\toks37
\enit@inbox=\box109
\enit@count@id=\count357
\enitdp@description=\count358
)
("C:\Program Files\MiKTeX 2.9\tex/latex/footmisc\footmisc.sty"
Package: footmisc 2011/06/06 v5.5b a miscellany of footnote facilities
\FN@temptoken=\toks38
\footnotemargin=\dimen192
\c@pp@next@reset=\count359
Package footmisc Info: Declaring symbol style bringhurst on input line 855.
Package footmisc Info: Declaring symbol style chicago on input line 863.
Package footmisc Info: Declaring symbol style wiley on input line 872.
Package footmisc Info: Declaring symbol style lamport-robust on input line 883.

Package footmisc Info: Declaring symbol style lamport* on input line 903.
Package footmisc Info: Declaring symbol style lamport*-robust on input line 924
.
)
("C:\Program Files\MiKTeX 2.9\tex/latex/koma-script\typearea.sty"
Package: typearea 2020/04/19 v3.30 KOMA-Script package (type area)

("C:\Program Files\MiKTeX 2.9\tex/latex/koma-script\scrkbase.sty"
Package: scrkbase 2020/04/19 v3.30 KOMA-Script package (KOMA-Script-dependent b
asics and keyval usage)

("C:\Program Files\MiKTeX 2.9\tex/latex/koma-script\scrbase.sty"
Package: scrbase 2020/04/19 v3.30 KOMA-Script package (KOMA-Script-independent 
basics and keyval usage)

("C:\Program Files\MiKTeX 2.9\tex/latex/koma-script\scrlfile.sty"
Package: scrlfile 2020/04/19 v3.30 KOMA-Script package (loading files)
)))
\ta@bcor=\skip97
\ta@div=\count360
Package typearea Info: You've used standard option `a4paper'.
(typearea)             This is correct!
(typearea)             Internally I'm using `paper=a4'.
(typearea)             If you'd like to set the option with \KOMAoptions,
(typearea)             you'd have to use `paper=a4' there
(typearea)             instead of `a4paper', too.
Package typearea Info: You've used standard option `oneside'.
(typearea)             This is correct!
(typearea)             Internally I'm using `twoside=false'.
(typearea)             If you'd like to set the option with \KOMAoptions,
(typearea)             you'd have to use `twoside=false' there
(typearea)             instead of `oneside', too.
\ta@hblk=\skip98
\ta@vblk=\skip99
\ta@temp=\skip100
\footheight=\skip101
Package typearea Info: These are the values describing the layout:
(typearea)             DIV  = 12
(typearea)             BCOR = 0.0pt
(typearea)             \paperwidth      = 597.50793pt
(typearea)              \textwidth      = 448.13095pt
(typearea)              DIV departure   = -11%
(typearea)              \evensidemargin = 2.4185pt
(typearea)              \oddsidemargin  = 2.4185pt
(typearea)             \paperheight     = 845.04694pt
(typearea)              \textheight     = 634.05121pt
(typearea)              \topmargin      = -53.68701pt
(typearea)              \headheight     = 23.56255pt
(typearea)              \headsep        = 28.27505pt
(typearea)              \topskip        = 12.0pt
(typearea)              \footskip       = 65.97513pt
(typearea)              \baselineskip   = 18.85004pt
(typearea)              on input line 1738.
)
("C:\Program Files\MiKTeX 2.9\tex/latex/url\url.sty"
\Urlmuskip=\muskip17
Package: url 2013/09/16  ver 3.4  Verb mode for urls, etc.
)
("C:\Program Files\MiKTeX 2.9\tex/latex/breakurl\breakurl.sty"
Package: breakurl 2013/04/10 v1.40 Breakable hyperref URLs


Package breakurl Warning: You are using breakurl while processing via pdflatex.

(breakurl)                \burl will be just a synonym of \url.
(breakurl)                 on input line 48.

) ("C:\Program Files\MiKTeX 2.9\tex/latex/hyperref\hyperref.sty"
Package: hyperref 2020-05-15 v7.00e Hypertext links for LaTeX

("C:\Program Files\MiKTeX 2.9\tex/latex/pdftexcmds\pdftexcmds.sty"
Package: pdftexcmds 2019/11/24 v0.31 Utility functions of pdfTeX for LuaTeX (HO
)
Package pdftexcmds Info: \pdf@primitive is available.
Package pdftexcmds Info: \pdf@ifprimitive is available.
Package pdftexcmds Info: \pdfdraftmode found.
)
("C:\Program Files\MiKTeX 2.9\tex/generic/kvsetkeys\kvsetkeys.sty"
Package: kvsetkeys 2019/12/15 v1.18 Key value parser (HO)
)
("C:\Program Files\MiKTeX 2.9\tex/generic/kvdefinekeys\kvdefinekeys.sty"
Package: kvdefinekeys 2019-12-19 v1.6 Define keys (HO)
)
("C:\Program Files\MiKTeX 2.9\tex/generic/pdfescape\pdfescape.sty"
Package: pdfescape 2019/12/09 v1.15 Implements pdfTeX's escape features (HO)
)
("C:\Program Files\MiKTeX 2.9\tex/latex/hycolor\hycolor.sty"
Package: hycolor 2020-01-27 v1.10 Color options for hyperref/bookmark (HO)
)
("C:\Program Files\MiKTeX 2.9\tex/latex/letltxmacro\letltxmacro.sty"
Package: letltxmacro 2019/12/03 v1.6 Let assignment for LaTeX macros (HO)
)
("C:\Program Files\MiKTeX 2.9\tex/latex/auxhook\auxhook.sty"
Package: auxhook 2019-12-17 v1.6 Hooks for auxiliary files (HO)
)
("C:\Program Files\MiKTeX 2.9\tex/latex/kvoptions\kvoptions.sty"
Package: kvoptions 2019/11/29 v3.13 Key value format for package options (HO)
)
\@linkdim=\dimen193
\Hy@linkcounter=\count361
\Hy@pagecounter=\count362

("C:\Program Files\MiKTeX 2.9\tex/latex/hyperref\pd1enc.def"
File: pd1enc.def 2020-05-15 v7.00e Hyperref: PDFDocEncoding definition (HO)
Now handling font encoding PD1 ...
... no UTF-8 mapping file for font encoding PD1
)
("C:\Program Files\MiKTeX 2.9\tex/generic/intcalc\intcalc.sty"
Package: intcalc 2019/12/15 v1.3 Expandable calculations with integers (HO)
)
("C:\Program Files\MiKTeX 2.9\tex/generic/etexcmds\etexcmds.sty"
Package: etexcmds 2019/12/15 v1.7 Avoid name clashes with e-TeX commands (HO)
)
\Hy@SavedSpaceFactor=\count363
Package hyperref Info: Option `unicode' set `true' on input line 4338.

("C:\Program Files\MiKTeX 2.9\tex/latex/hyperref\puenc.def"
File: puenc.def 2020-05-15 v7.00e Hyperref: PDF Unicode definition (HO)
Now handling font encoding PU ...
... no UTF-8 mapping file for font encoding PU
)
Package hyperref Info: Hyper figures OFF on input line 4464.
Package hyperref Info: Link nesting OFF on input line 4469.
Package hyperref Info: Hyper index ON on input line 4472.
Package hyperref Info: Plain pages OFF on input line 4479.
Package hyperref Info: Backreferencing OFF on input line 4484.
Package hyperref Info: Implicit mode ON; LaTeX internals redefined.
Package hyperref Info: Bookmarks ON on input line 4717.
\c@Hy@tempcnt=\count364
LaTeX Info: Redefining \url on input line 5076.
\XeTeXLinkMargin=\dimen194

("C:\Program Files\MiKTeX 2.9\tex/generic/bitset\bitset.sty"
Package: bitset 2019/12/09 v1.3 Handle bit-vector datatype (HO)

("C:\Program Files\MiKTeX 2.9\tex/generic/bigintcalc\bigintcalc.sty"
Package: bigintcalc 2019/12/15 v1.5 Expandable calculations on big integers (HO
)
))
\Fld@menulength=\count365
\Field@Width=\dimen195
\Fld@charsize=\dimen196
Package hyperref Info: Hyper figures OFF on input line 6347.
Package hyperref Info: Link nesting OFF on input line 6352.
Package hyperref Info: Hyper index ON on input line 6355.
Package hyperref Info: backreferencing OFF on input line 6362.
Package hyperref Info: Link coloring OFF on input line 6367.
Package hyperref Info: Link coloring with OCG OFF on input line 6372.
Package hyperref Info: PDF/A mode OFF on input line 6377.
LaTeX Info: Redefining \ref on input line 6417.
LaTeX Info: Redefining \pageref on input line 6421.
\Hy@abspage=\count366
\c@Item=\count367
\c@Hfootnote=\count368
)
Package hyperref Info: Driver (autodetected): hpdftex.

("C:\Program Files\MiKTeX 2.9\tex/latex/hyperref\hpdftex.def"
File: hpdftex.def 2020-05-15 v7.00e Hyperref driver for pdfTeX

("C:\Program Files\MiKTeX 2.9\tex/latex/atveryend\atveryend.sty"
Package: atveryend 2019-12-11 v1.11 Hooks at the very end of document (HO)
)
\Fld@listcount=\count369
\c@bookmark@seq@number=\count370

("C:\Program Files\MiKTeX 2.9\tex/latex/rerunfilecheck\rerunfilecheck.sty"
Package: rerunfilecheck 2019/12/05 v1.9 Rerun checks for auxiliary files (HO)

("C:\Program Files\MiKTeX 2.9\tex/generic/uniquecounter\uniquecounter.sty"
Package: uniquecounter 2019/12/15 v1.4 Provide unlimited unique counter (HO)
)
Package uniquecounter Info: New unique counter `rerunfilecheck' on input line 2
86.
)
\Hy@SectionHShift=\skip102
)
("C:\Program Files\MiKTeX 2.9\tex/latex/natbib\natbib.sty"
Package: natbib 2010/09/13 8.31b (PWD, AO)
\bibhang=\skip103
\bibsep=\skip104
LaTeX Info: Redefining \cite on input line 694.
LaTeX Info: Redefining \citeauthor on input line 712.
LaTeX Info: Redefining \citeyear on input line 735.
\c@NAT@ctr=\count371
))
("C:\Program Files\MiKTeX 2.9\tex/latex/cjk/UTF8\UTF8.bdg"
File: UTF8.bdg 2015/04/18 4.8.4
)
("C:\Program Files\MiKTeX 2.9\tex/latex/cjk/UTF8\UTF8.enc"
File: UTF8.enc 2015/04/18 4.8.4
)
("C:\Program Files\MiKTeX 2.9\tex/latex/cjk/UTF8\UTF8.chr"
File: UTF8.chr 2015/04/18 4.8.4
) (main.aux
(general/cover.aux) (general/summary.aux) (general/introduction.aux)
(general/gratitude.aux) (general/table-of-content.aux) (chapters/chapter1.aux)
(chapters/chapter2.aux) (chapters/chapter3.aux) (chapters/chapter4.aux)
(general/conclusions.aux) (general/bibliography.aux) (general/annexes.aux))
\openout1 = `main.aux'.

LaTeX Font Info:    Checking defaults for OML/cmm/m/it on input line 4.
LaTeX Font Info:    ... okay on input line 4.
LaTeX Font Info:    Checking defaults for OMS/pzccm/m/n on input line 4.
LaTeX Font Info:    Trying to load font information for OMS+pzccm on input line
 4.

("C:\Program Files\MiKTeX 2.9\tex/latex/psnfss\omspzccm.fd"
File: omspzccm.fd 2000/01/03 Fontinst v1.801 font definitions for OMS/pzccm.
)
LaTeX Font Info:    ... okay on input line 4.
LaTeX Font Info:    Checking defaults for OT1/cmr/m/n on input line 4.
LaTeX Font Info:    ... okay on input line 4.
LaTeX Font Info:    Checking defaults for T1/cmr/m/n on input line 4.
LaTeX Font Info:    ... okay on input line 4.
LaTeX Font Info:    Checking defaults for TS1/cmr/m/n on input line 4.
LaTeX Font Info:    ... okay on input line 4.
LaTeX Font Info:    Checking defaults for OMX/cmex/m/n on input line 4.
LaTeX Font Info:    ... okay on input line 4.
LaTeX Font Info:    Checking defaults for U/cmr/m/n on input line 4.
LaTeX Font Info:    ... okay on input line 4.
LaTeX Font Info:    Checking defaults for C00/song/m/n on input line 4.
LaTeX Font Info:    ... okay on input line 4.
LaTeX Font Info:    Checking defaults for C05/song/m/n on input line 4.
LaTeX Font Info:    ... okay on input line 4.
LaTeX Font Info:    Checking defaults for C09/song/m/n on input line 4.
LaTeX Font Info:    ... okay on input line 4.
LaTeX Font Info:    Checking defaults for C10/song/m/n on input line 4.
LaTeX Font Info:    ... okay on input line 4.
LaTeX Font Info:    Checking defaults for C20/song/m/n on input line 4.
LaTeX Font Info:    ... okay on input line 4.
LaTeX Font Info:    Checking defaults for C19/song/m/n on input line 4.
LaTeX Font Info:    ... okay on input line 4.
LaTeX Font Info:    Checking defaults for C40/song/m/n on input line 4.
LaTeX Font Info:    ... okay on input line 4.
LaTeX Font Info:    Checking defaults for C42/song/m/n on input line 4.
LaTeX Font Info:    ... okay on input line 4.
LaTeX Font Info:    Checking defaults for C43/song/m/n on input line 4.
LaTeX Font Info:    ... okay on input line 4.
LaTeX Font Info:    Checking defaults for C50/song/m/n on input line 4.
LaTeX Font Info:    ... okay on input line 4.
LaTeX Font Info:    Checking defaults for C52/song/m/n on input line 4.
LaTeX Font Info:    ... okay on input line 4.
LaTeX Font Info:    Checking defaults for C49/song/m/n on input line 4.
LaTeX Font Info:    ... okay on input line 4.
LaTeX Font Info:    Checking defaults for C60/mj/m/n on input line 4.
LaTeX Font Info:    ... okay on input line 4.
LaTeX Font Info:    Checking defaults for C61/mj/m/n on input line 4.
LaTeX Font Info:    ... okay on input line 4.
LaTeX Font Info:    Checking defaults for C63/mj/m/n on input line 4.
LaTeX Font Info:    ... okay on input line 4.
LaTeX Font Info:    Checking defaults for C64/mj/m/n on input line 4.
LaTeX Font Info:    ... okay on input line 4.
LaTeX Font Info:    Checking defaults for C65/mj/m/n on input line 4.
LaTeX Font Info:    ... okay on input line 4.
LaTeX Font Info:    Checking defaults for C70/song/m/n on input line 4.
LaTeX Font Info:    ... okay on input line 4.
LaTeX Font Info:    Checking defaults for C31/song/m/n on input line 4.
LaTeX Font Info:    ... okay on input line 4.
LaTeX Font Info:    Checking defaults for C32/song/m/n on input line 4.
LaTeX Font Info:    ... okay on input line 4.
LaTeX Font Info:    Checking defaults for C33/song/m/n on input line 4.
LaTeX Font Info:    ... okay on input line 4.
LaTeX Font Info:    Checking defaults for C34/song/m/n on input line 4.
LaTeX Font Info:    ... okay on input line 4.
LaTeX Font Info:    Checking defaults for C35/song/m/n on input line 4.
LaTeX Font Info:    ... okay on input line 4.
LaTeX Font Info:    Checking defaults for C36/song/m/n on input line 4.
LaTeX Font Info:    ... okay on input line 4.
LaTeX Font Info:    Checking defaults for C37/song/m/n on input line 4.
LaTeX Font Info:    ... okay on input line 4.
LaTeX Font Info:    Checking defaults for C80/song/m/n on input line 4.
LaTeX Font Info:    ... okay on input line 4.
LaTeX Font Info:    Checking defaults for C81/song/m/n on input line 4.
LaTeX Font Info:    ... okay on input line 4.
LaTeX Font Info:    Checking defaults for C01/song/m/n on input line 4.
LaTeX Font Info:    ... okay on input line 4.
LaTeX Font Info:    Checking defaults for C11/song/m/n on input line 4.
LaTeX Font Info:    ... okay on input line 4.
LaTeX Font Info:    Checking defaults for C21/song/m/n on input line 4.
LaTeX Font Info:    ... okay on input line 4.
LaTeX Font Info:    Checking defaults for C41/song/m/n on input line 4.
LaTeX Font Info:    ... okay on input line 4.
LaTeX Font Info:    Checking defaults for C62/song/m/n on input line 4.
LaTeX Font Info:    ... okay on input line 4.
LaTeX Font Info:    Checking defaults for PD1/pdf/m/n on input line 4.
LaTeX Font Info:    ... okay on input line 4.
LaTeX Font Info:    Checking defaults for PU/pdf/m/n on input line 4.
LaTeX Font Info:    ... okay on input line 4.

ABD: EverySelectfont initializing macros
LaTeX Info: Redefining \selectfont on input line 4.

("C:\Program Files\MiKTeX 2.9\tex/context/base/mkii\supp-pdf.mkii"
[Loading MPS to PDF converter (version 2006.09.02).]
\scratchcounter=\count372
\scratchdimen=\dimen197
\scratchbox=\box110
\nofMPsegments=\count373
\nofMParguments=\count374
\everyMPshowfont=\toks39
\MPscratchCnt=\count375
\MPscratchDim=\dimen198
\MPnumerator=\count376
\makeMPintoPDFobject=\count377
\everyMPtoPDFconversion=\toks40
) ("C:\Program Files\MiKTeX 2.9\tex/latex/epstopdf-pkg\epstopdf-base.sty"
Package: epstopdf-base 2020-01-24 v2.11 Base part for package epstopdf
Package epstopdf-base Info: Redefining graphics rule for `.eps' on input line 4
85.
)
\c@lstlisting=\count378
\c@maskedRefs=\count379

("C:\Program Files\MiKTeX 2.9\tex/latex/apacite\english.apc"
File: english.apc 2013/07/21 v6.03 apacite language file
LaTeX Info: Redefining \BPBI on input line 129.
LaTeX Info: Redefining \BHBI on input line 130.
)
Package caption Info: Begin \AtBeginDocument code.
Package caption Info: hyperref package is loaded.
Package caption Info: End \AtBeginDocument code.

*geometry* driver: auto-detecting
*geometry* detected driver: pdftex
*geometry* verbose mode - [ preamble ] result:
* driver: pdftex
* paper: a4paper
* layout: <same size as paper>
* layoutoffset:(h,v)=(0.0pt,0.0pt)
* modes: includehead includefoot heightrounded 
* h-part:(L,W,R)=(72.2698pt, 452.96826pt, 72.2698pt)
* v-part:(T,H,B)=(72.2698pt, 700.50723pt, 72.2698pt)
* \paperwidth=597.50793pt
* \paperheight=845.04694pt
* \textwidth=448.13095pt
* \textheight=634.05121pt
* \oddsidemargin=2.4185pt
* \evensidemargin=2.4185pt
* \topmargin=-53.68701pt
* \headheight=23.56255pt
* \headsep=28.27505pt
* \topskip=12.0pt
* \footskip=65.97513pt
* \marginparwidth=49.79233pt
* \marginparsep=12.8401pt
* \columnsep=10.0pt
* \skip\footins=10.8pt plus 4.0pt minus 2.0pt
* \hoffset=0.0pt
* \voffset=0.0pt
* \mag=1000
* \@twocolumnfalse
* \@twosidefalse
* \@mparswitchfalse
* \@reversemarginfalse
* (1in=72.27pt=25.4mm, 1cm=28.453pt)

\AtBeginShipoutBox=\box111
Package hyperref Info: Link coloring OFF on input line 4.
("C:\Program Files\MiKTeX 2.9\tex/latex/hyperref\nameref.sty"
Package: nameref 2019/09/16 v2.46 Cross-referencing by name of section

("C:\Program Files\MiKTeX 2.9\tex/latex/refcount\refcount.sty"
Package: refcount 2019/12/15 v3.6 Data extraction from label references (HO)
)
("C:\Program Files\MiKTeX 2.9\tex/generic/gettitlestring\gettitlestring.sty"
Package: gettitlestring 2019/12/15 v1.6 Cleanup title references (HO)
)
\c@section@level=\count380
)
LaTeX Info: Redefining \ref on input line 4.
LaTeX Info: Redefining \pageref on input line 4.
LaTeX Info: Redefining \nameref on input line 4.

(main.out) (main.out)
\@outlinefile=\write4
\openout4 = `main.out'.

\openout2 = `general/cover.aux'.

 (general/cover.tex
<images/logopucp.png, id=154, 529.0164pt x 155.6214pt>
File: images/logopucp.png Graphic file (type png)
<use images/logopucp.png>
Package pdftex.def Info: images/logopucp.png  used on input line 13.
(pdftex.def)             Requested size: 284.52756pt x 83.70184pt.
LaTeX Font Info:    Trying to load font information for OT1+ptmcm on input line
 26.

("C:\Program Files\MiKTeX 2.9\tex/latex/psnfss\ot1ptmcm.fd"
File: ot1ptmcm.fd 2000/01/03 Fontinst v1.801 font definitions for OT1/ptmcm.
)
LaTeX Font Info:    Trying to load font information for OML+ptmcm on input line
 26.

("C:\Program Files\MiKTeX 2.9\tex/latex/psnfss\omlptmcm.fd"
File: omlptmcm.fd 2000/01/03 Fontinst v1.801 font definitions for OML/ptmcm.
)
LaTeX Font Info:    Trying to load font information for OMX+psycm on input line
 26.

("C:\Program Files\MiKTeX 2.9\tex/latex/psnfss\omxpsycm.fd"
File: omxpsycm.fd 2000/01/03 Fontinst v1.801 font definitions for OMX/psycm.
)
LaTeX Font Info:    Font shape `OT1/ptm/bx/n' in size <12> not available
(Font)              Font shape `OT1/ptm/b/n' tried instead on input line 26.
LaTeX Font Info:    Font shape `OT1/ptm/bx/n' in size <9> not available
(Font)              Font shape `OT1/ptm/b/n' tried instead on input line 26.
LaTeX Font Info:    Font shape `OT1/ptm/bx/n' in size <7> not available
(Font)              Font shape `OT1/ptm/b/n' tried instead on input line 26.

("C:\Program Files\MiKTeX 2.9\tex/generic/ctex/zhmap\ctex-zhmap-windows.tex"
File: ctex-zhmap-windows.tex 2020/05/16 v2.5.2 Windows font map loader for pdfT
eX and DVIPDFMx (CTEX)
{C:/Users/PabloGod/AppData/Local/MiKTeX/2.9/pdftex/config/pdftex.map}{UGBK.sfd}
{Unicode.sfd}) [1






 <./images/logopucp.png>])
\openout2 = `general/summary.aux'.

 (general/summary.tex)
Underfull \hbox (badness 10000) in paragraph at lines 11--6

 []

[1





]
\openout2 = `general/introduction.aux'.

 (general/introduction.tex)pdfTeX warning (ext4): destination with the same ide
ntifier (name{page.i}) has been already used, duplicate ignored
<to be read again> 
                   \relax 
l.7 	\include{general/introduction}
                                    [1





]
\openout2 = `general/gratitude.aux'.

 (general/gratitude.tex)
Underfull \hbox (badness 10000) in paragraph at lines 12--8

 []

[2





]
\openout2 = `general/table-of-content.aux'.

 (general/table-of-content.tex (main.toc [3



])
\tf@toc=\write5
\openout5 = `main.toc'.

 [4] (main.lof [5

]
LaTeX Font Info:    Trying to load font information for TS1+ptm on input line 3
5.

("C:\Program Files\MiKTeX 2.9\tex/latex/psnfss\ts1ptm.fd"
File: ts1ptm.fd 2001/06/04 font definitions for TS1/ptm.
))
\tf@lof=\write6
\openout6 = `main.lof'.

 [6] (main.lot)
\tf@lot=\write7
\openout7 = `main.lot'.


[7

]
\glsf@default=\write8
\openout8 = `main.gls.aux'.

Package gloss Info: Writing gloss file main.gls.aux on input line 19.
)
\openout2 = `chapters/chapter1.aux'.

 (chapters/chapter1.tex
Cap√≠tulo I.
pdfTeX warning (ext4): destination with the same identifier (name{page.1}) has 
been already used, duplicate ignored
<to be read again> 
                   \relax 
l.12 \newpage
              [1





]
LaTeX Font Info:    Font shape `OT1/ptm/bx/n' in size <10> not available
(Font)              Font shape `OT1/ptm/b/n' tried instead on input line 19.
LaTeX Font Info:    Font shape `OT1/ptm/bx/n' in size <7.4> not available
(Font)              Font shape `OT1/ptm/b/n' tried instead on input line 19.
LaTeX Font Info:    Font shape `OT1/ptm/bx/n' in size <6> not available
(Font)              Font shape `OT1/ptm/b/n' tried instead on input line 19.
 [2] [3] [4]
<images/chapter1/extraccion trucha toneladas anuales.png, id=408, 582.67688pt x
 362.10281pt>
File: images/chapter1/extraccion trucha toneladas anuales.png Graphic file (typ
e png)
<use images/chapter1/extraccion trucha toneladas anuales.png>
Package pdftex.def Info: images/chapter1/extraccion trucha toneladas anuales.pn
g  used on input line 76.
(pdftex.def)             Requested size: 448.13095pt x 278.49402pt.
 [5]
LaTeX Font Info:    Trying to load font information for C70+rm on input line 86
.

("C:\Program Files\MiKTeX 2.9\tex/latex/ctex/fd\c70rm.fd"
File: c70rm.fd 2020/05/16 v2.5.2 Chinese font definition (CTEX)
) [6 <./images/chapter1/extraccion trucha toneladas anuales.png>]
<images/chapter1/comercio internacional de productos pesqueros por principales 
importadores y exportadores en dolares.png, id=450, 618.81187pt x 209.28188pt>
File: images/chapter1/comercio internacional de productos pesqueros por princip
ales importadores y exportadores en dolares.png Graphic file (type png)
<use images/chapter1/comercio internacional de productos pesqueros por principa
les importadores y exportadores en dolares.png>
Package pdftex.def Info: images/chapter1/comercio internacional de productos pe
squeros por principales importadores y exportadores en dolares.png  used on inp
ut line 98.
(pdftex.def)             Requested size: 448.13095pt x 151.5642pt.

Overfull \hbox (12.0pt too wide) in paragraph at lines 96--101
 [][] 
 []

[7 <./images/chapter1/comercio internacional de productos pesqueros por princip
ales importadores y exportadores en dolares.png>]
<images/chapter1/anatomia de la trucha arcoiris.png, id=466, 1510.64375pt x 623
.32875pt>
File: images/chapter1/anatomia de la trucha arcoiris.png Graphic file (type png
)
<use images/chapter1/anatomia de la trucha arcoiris.png>
Package pdftex.def Info: images/chapter1/anatomia de la trucha arcoiris.png  us
ed on input line 114.
(pdftex.def)             Requested size: 448.13095pt x 184.9076pt.
 [8 <./images/chapter1/anatomia de la trucha arcoiris.png>]
<images/chapter1/clasificadora de anchura fija rejillas de clasificacion y clas
ificadora ajustable.png, id=481, 496.10344pt x 258.9675pt>
File: images/chapter1/clasificadora de anchura fija rejillas de clasificacion y
 clasificadora ajustable.png Graphic file (type png)
<use images/chapter1/clasificadora de anchura fija rejillas de clasificacion y 
clasificadora ajustable.png>
Package pdftex.def Info: images/chapter1/clasificadora de anchura fija rejillas
 de clasificacion y clasificadora ajustable.png  used on input line 149.
(pdftex.def)             Requested size: 448.13095pt x 233.92606pt.
 [9]
Underfull \hbox (badness 10000) in paragraph at lines 155--156

 []

<images/chapter1/clasificacion y medicion manual de truchas.png, id=491, 1061.4
6562pt x 791.95876pt>
File: images/chapter1/clasificacion y medicion manual de truchas.png Graphic fi
le (type png)
<use images/chapter1/clasificacion y medicion manual de truchas.png>
Package pdftex.def Info: images/chapter1/clasificacion y medicion manual de tru
chas.png  used on input line 160.
(pdftex.def)             Requested size: 291.28238pt x 217.32408pt.
[10 <./images/chapter1/clasificadora de anchura fija rejillas de clasificacion 
y clasificadora ajustable.png>]
<images/chapter1/herramienta de medicion manual para peces.pdf, id=500, 650.43p
t x 375.4025pt>
File: images/chapter1/herramienta de medicion manual para peces.pdf Graphic fil
e (type pdf)
<use images/chapter1/herramienta de medicion manual para peces.pdf>
Package pdftex.def Info: images/chapter1/herramienta de medicion manual para pe
ces.pdf  used on input line 171.
(pdftex.def)             Requested size: 336.0982pt x 193.98459pt.
 [11 <./images/chapter1/clasificacion y medicion manual de truchas.png> <./imag
es/chapter1/herramienta de medicion manual para peces.pdf>]
<images/chapter1/maquina seleccionadora de truchas agv.pdf, id=528, 570.13pt x 
509.905pt>
File: images/chapter1/maquina seleccionadora de truchas agv.pdf Graphic file (t
ype pdf)
<use images/chapter1/maquina seleccionadora de truchas agv.pdf>
Package pdftex.def Info: images/chapter1/maquina seleccionadora de truchas agv.
pdf  used on input line 184.
(pdftex.def)             Requested size: 291.28238pt x 260.50716pt.
Package CJKpunct Info: use punctuation spaces for family 'rm' with punctstyle (
quanjiao) on input line 186.
<images/chapter1/medicion automatizada de especies y tallas de peces por vision
 artificial.png, id=533, 641.39626pt x 158.09062pt>
File: images/chapter1/medicion automatizada de especies y tallas de peces por v
ision artificial.png Graphic file (type png)
<use images/chapter1/medicion automatizada de especies y tallas de peces por vi
sion artificial.png>
Package pdftex.def Info: images/chapter1/medicion automatizada de especies y ta
llas de peces por vision artificial.png  used on input line 197.
(pdftex.def)             Requested size: 448.13095pt x 110.45763pt.
 [12 <./images/chapter1/maquina seleccionadora de truchas agv.pdf>]
<images/chapter1/medicion de peces dentro de estanques con camaras ortogonales 
y estereo.png, id=565, 797.22844pt x 247.67531pt>
File: images/chapter1/medicion de peces dentro de estanques con camaras ortogon
ales y estereo.png Graphic file (type png)
<use images/chapter1/medicion de peces dentro de estanques con camaras ortogona
les y estereo.png>
Package pdftex.def Info: images/chapter1/medicion de peces dentro de estanques 
con camaras ortogonales y estereo.png  used on input line 208.
(pdftex.def)             Requested size: 448.13095pt x 139.21875pt.

Underfull \hbox (badness 10000) in paragraph at lines 220--221

 []

[13 <./images/chapter1/medicion automatizada de especies y tallas de peces por 
vision artificial.png> <./images/chapter1/medicion de peces dentro de estanques
 con camaras ortogonales y estereo.png>]
<images/chapter1/pez identificado por una red neuronal.png, id=576, 292.09125pt
 x 285.31593pt>
File: images/chapter1/pez identificado por una red neuronal.png Graphic file (t
ype png)
<use images/chapter1/pez identificado por una red neuronal.png>
Package pdftex.def Info: images/chapter1/pez identificado por una red neuronal.
png  used on input line 224.
(pdftex.def)             Requested size: 224.06548pt x 218.87547pt.
 [14 <./images/chapter1/pez identificado por una red neuronal.png>]
Underfull \hbox (badness 10000) in paragraph at lines 287--288

 []

<images/chapter1/clasificacion conteo curado y calculo de biomasa en la laguna 
de canrash.pdf, id=591, 690.58pt x 513.92pt>
File: images/chapter1/clasificacion conteo curado y calculo de biomasa en la la
guna de canrash.pdf Graphic file (type pdf)
<use images/chapter1/clasificacion conteo curado y calculo de biomasa en la lag
una de canrash.pdf>
Package pdftex.def Info: images/chapter1/clasificacion conteo curado y calculo 
de biomasa en la laguna de canrash.pdf  used on input line 291.
(pdftex.def)             Requested size: 448.13095pt x 333.4951pt.
[15]
<images/chapter1/contador peces basado en luz infrarroja faivre.png, id=601, 42
6.09187pt x 121.20282pt>
File: images/chapter1/contador peces basado en luz infrarroja faivre.png Graphi
c file (type png)
<use images/chapter1/contador peces basado en luz infrarroja faivre.png>
Package pdftex.def Info: images/chapter1/contador peces basado en luz infrarroj
a faivre.png  used on input line 304.
(pdftex.def)             Requested size: 448.13095pt x 127.47939pt.
 [16 <./images/chapter1/clasificacion conteo curado y calculo de biomasa en la 
laguna de canrash.pdf>]
<images/chapter1/planos comunes de posicionamiento para camaras de inspeccion.p
df, id=633, 689.57625pt x 503.8825pt>
File: images/chapter1/planos comunes de posicionamiento para camaras de inspecc
ion.pdf Graphic file (type pdf)
<use images/chapter1/planos comunes de posicionamiento para camaras de inspecci
on.pdf>
Package pdftex.def Info: images/chapter1/planos comunes de posicionamiento para
 camaras de inspeccion.pdf  used on input line 317.
(pdftex.def)             Requested size: 358.50612pt x 261.96658pt.
 [17 <./images/chapter1/contador peces basado en luz infrarroja faivre.png> <./
images/chapter1/planos comunes de posicionamiento para camaras de inspeccion.pd
f>]
<images/chapter1/contador de peces mediante escaneres.png, id=664, 598.48593pt 
x 222.07968pt>
File: images/chapter1/contador de peces mediante escaneres.png Graphic file (ty
pe png)
<use images/chapter1/contador de peces mediante escaneres.png>
Package pdftex.def Info: images/chapter1/contador de peces mediante escaneres.p
ng  used on input line 330.
(pdftex.def)             Requested size: 448.13095pt x 166.29164pt.
 [18 <./images/chapter1/contador de peces mediante escaneres.png>] [19]
<images/chapter1/extraccion de caracteristicas mediante vision por computadora.
pdf, id=687, 695.59875pt x 392.46625pt>
File: images/chapter1/extraccion de caracteristicas mediante vision por computa
dora.pdf Graphic file (type pdf)
<use images/chapter1/extraccion de caracteristicas mediante vision por computad
ora.pdf>
Package pdftex.def Info: images/chapter1/extraccion de caracteristicas mediante
 vision por computadora.pdf  used on input line 404.
(pdftex.def)             Requested size: 448.13095pt x 252.84235pt.
 [20 <./images/chapter1/extraccion de caracteristicas mediante vision por compu
tadora.pdf>]
<images/chapter1/usando relacion entre a y b para calcular longitud del pez.pdf
, id=719, 784.9325pt x 436.63126pt>
File: images/chapter1/usando relacion entre a y b para calcular longitud del pe
z.pdf Graphic file (type pdf)
<use images/chapter1/usando relacion entre a y b para calcular longitud del pez
.pdf>
Package pdftex.def Info: images/chapter1/usando relacion entre a y b para calcu
lar longitud del pez.pdf  used on input line 414.
(pdftex.def)             Requested size: 380.91403pt x 211.89249pt.
<images/chapter1/sacadera telescipica de malla fina para peces.png, id=723, 536
.0025pt x 231.86626pt>
File: images/chapter1/sacadera telescipica de malla fina para peces.png Graphic
 file (type png)
<use images/chapter1/sacadera telescipica de malla fina para peces.png>
Package pdftex.def Info: images/chapter1/sacadera telescipica de malla fina par
a peces.png  used on input line 432.
(pdftex.def)             Requested size: 448.13095pt x 193.85352pt.
 [21 <./images/chapter1/usando relacion entre a y b para calcular longitud del 
pez.pdf>]
<images/chapter1/recepcion automatica por bombeo de peces mediante tuberia.pdf,
 id=752, 611.28375pt x 262.9825pt>
File: images/chapter1/recepcion automatica por bombeo de peces mediante tuberia
.pdf Graphic file (type pdf)
<use images/chapter1/recepcion automatica por bombeo de peces mediante tuberia.
pdf>
Package pdftex.def Info: images/chapter1/recepcion automatica por bombeo de pec
es mediante tuberia.pdf  used on input line 445.
(pdftex.def)             Requested size: 448.13095pt x 192.7902pt.
 [22 <./images/chapter1/sacadera telescipica de malla fina para peces.png> <./i
mages/chapter1/recepcion automatica por bombeo de peces mediante tuberia.pdf>]
Overfull \hbox (20.48865pt too wide) in paragraph at lines 487--487
[][]\T1/ptm/b/n/12 Dispositivo de clasi-fi-caciÛn de peces y mÈtodo de clasi-fi
-caciÛn de peces \T1/ptm/b/it/12 (Patente JP5563164B2) 
 []

[23]
<images/chapter1/clasificadora automatica de peces de origen japones.png, id=78
9, 426.09187pt x 639.13782pt>
File: images/chapter1/clasificadora automatica de peces de origen japones.png G
raphic file (type png)
<use images/chapter1/clasificadora automatica de peces de origen japones.png>
Package pdftex.def Info: images/chapter1/clasificadora automatica de peces de o
rigen japones.png  used on input line 493.
(pdftex.def)             Requested size: 313.69029pt x 470.56523pt.

Overfull \hbox (22.43428pt too wide) in paragraph at lines 493--494
 [][] 
 []

[24 <./images/chapter1/clasificadora automatica de peces de origen japones.png>
]
<images/chapter1/clasificadora automatica de peces de origen chino.png, id=799,
 293.59688pt x 633.86812pt>
File: images/chapter1/clasificadora automatica de peces de origen chino.png Gra
phic file (type png)
<use images/chapter1/clasificadora automatica de peces de origen chino.png>
Package pdftex.def Info: images/chapter1/clasificadora automatica de peces de o
rigen chino.png  used on input line 506.
(pdftex.def)             Requested size: 201.65755pt x 435.36737pt.
 [25 <./images/chapter1/clasificadora automatica de peces de origen chino.png>]
<images/chapter1/clasificador y contador de peces de origen chino.png, id=809, 
307.1475pt x 239.805pt>
File: images/chapter1/clasificador y contador de peces de origen chino.png Grap
hic file (type png)
<use images/chapter1/clasificador y contador de peces de origen chino.png>
Package pdftex.def Info: images/chapter1/clasificador y contador de peces de or
igen chino.png  used on input line 519.
(pdftex.def)             Requested size: 448.13095pt x 349.90013pt.
 [26 <./images/chapter1/clasificador y contador de peces de origen chino.png>]
<images/chapter1/clasificadora de peces de origen aleman.png, id=819, 438.8897p
t x 149.8097pt>
File: images/chapter1/clasificadora de peces de origen aleman.png Graphic file 
(type png)
<use images/chapter1/clasificadora de peces de origen aleman.png>
Package pdftex.def Info: images/chapter1/clasificadora de peces de origen alema
n.png  used on input line 532.
(pdftex.def)             Requested size: 448.13095pt x 152.96843pt.
<images/chapter1/clasificadoras automaticas para peces de origen frances.png, i
d=824, 447.92343pt x 233.37187pt>
File: images/chapter1/clasificadoras automaticas para peces de origen frances.p
ng Graphic file (type png)
<use images/chapter1/clasificadoras automaticas para peces de origen frances.pn
g>
Package pdftex.def Info: images/chapter1/clasificadoras automaticas para peces 
de origen frances.png  used on input line 546.
(pdftex.def)             Requested size: 448.13095pt x 233.48523pt.
[27 <./images/chapter1/clasificadora de peces de origen aleman.png>]
<images/chapter1/sistema de canalizacion de peces.png, id=832, 702.625pt x 395.
4775pt>
File: images/chapter1/sistema de canalizacion de peces.png Graphic file (type p
ng)
<use images/chapter1/sistema de canalizacion de peces.png>
Package pdftex.def Info: images/chapter1/sistema de canalizacion de peces.png  
used on input line 554.
(pdftex.def)             Requested size: 448.13095pt x 252.2418pt.
 [28 <./images/chapter1/clasificadoras automaticas para peces de origen frances
.png> <./images/chapter1/sistema de canalizacion de peces.png>]
<images/chapter1/seleccionador con contador integrado y sus partes.png, id=842,
 628.59843pt x 500.62032pt>
File: images/chapter1/seleccionador con contador integrado y sus partes.png Gra
phic file (type png)
<use images/chapter1/seleccionador con contador integrado y sus partes.png>
Package pdftex.def Info: images/chapter1/seleccionador con contador integrado y
 sus partes.png  used on input line 566.
(pdftex.def)             Requested size: 448.13095pt x 356.89429pt.
 [29 <./images/chapter1/seleccionador con contador integrado y sus partes.png>]
<images/chapter1/clasificadora de peces de origen danes.png, id=851, 447.92343p
t x 159.59625pt>
File: images/chapter1/clasificadora de peces de origen danes.png Graphic file (
type png)
<use images/chapter1/clasificadora de peces de origen danes.png>
Package pdftex.def Info: images/chapter1/clasificadora de peces de origen danes
.png  used on input line 622.
(pdftex.def)             Requested size: 448.13095pt x 159.67377pt.
 [30]
<images/chapter1/contador pescavision 100 300 10x4.pdf, id=861, 543.02875pt x 5
18.93875pt>
File: images/chapter1/contador pescavision 100 300 10x4.pdf Graphic file (type 
pdf)
<use images/chapter1/contador pescavision 100 300 10x4.pdf>
Package pdftex.def Info: images/chapter1/contador pescavision 100 300 10x4.pdf 
 used on input line 635.
(pdftex.def)             Requested size: 448.13095pt x 428.27228pt.
 [31 <./images/chapter1/clasificadora de peces de origen danes.png>]
<images/chapter1/contador de peces de origen belga.png, id=871, 825.0825pt x 26
4.99pt>
File: images/chapter1/contador de peces de origen belga.png Graphic file (type 
png)
<use images/chapter1/contador de peces de origen belga.png>
Package pdftex.def Info: images/chapter1/contador de peces de origen belga.png 
 used on input line 648.
(pdftex.def)             Requested size: 448.13095pt x 143.9254pt.
 [32 <./images/chapter1/contador pescavision 100 300 10x4.pdf>]
Overfull \hbox (21.15999pt too wide) in paragraph at lines 667--746
 [][] 
 []

[33 <./images/chapter1/contador de peces de origen belga.png>]
Overfull \hbox (13.21422pt too wide) in paragraph at lines 760--825
 [][] 
 []

[34]) [35]
\openout2 = `chapters/chapter2.aux'.

 (chapters/chapter2.tex
Cap√≠tulo II.
[36





]) [37]
\openout2 = `chapters/chapter3.aux'.

 (chapters/chapter3.tex
Cap√≠tulo III.
[38





]
LaTeX Font Info:    Font shape `OT1/ptm/bx/n' in size <8> not available
(Font)              Font shape `OT1/ptm/b/n' tried instead on input line 46.
LaTeX Font Info:    Font shape `OT1/ptm/bx/n' in size <5> not available
(Font)              Font shape `OT1/ptm/b/n' tried instead on input line 46.
 [39]
<images/chapter3/caja negra del sistema.png, id=959, 843.3909pt x 620.5584pt>
File: images/chapter3/caja negra del sistema.png Graphic file (type png)
<use images/chapter3/caja negra del sistema.png>
Package pdftex.def Info: images/chapter3/caja negra del sistema.png  used on in
put line 105.
(pdftex.def)             Requested size: 448.13095pt x 329.72765pt.
 [40] [41 <./images/chapter3/caja negra del sistema.png

pdfTeX warning: pdflatex.exe (file ./images/chapter3/caja negra del sistema.png
): large interlaced PNG might cause out of memory (use non-interlaced PNG to fi
x this)
>] [42]
<images/chapter3/estructura global de funciones.png, id=979, 1711.5945pt x 1198
.4775pt>
File: images/chapter3/estructura global de funciones.png Graphic file (type png
)
<use images/chapter3/estructura global de funciones.png>
Package pdftex.def Info: images/chapter3/estructura global de funciones.png  us
ed on input line 136.
(pdftex.def)             Requested size: 585.55522pt x 410.01889pt.


Package Fancyhdr Warning: \fancyhead's `E' option without twoside option is use
less on input line 141.


Package Fancyhdr Warning: \fancyfoot's `E' option without twoside option is use
less on input line 141.

[43

 <./images/chapter3/estructura global de funciones.png

pdfTeX warning: pdflatex.exe (file ./images/chapter3/estructura global de funci
ones.png): large interlaced PNG might cause out of memory (use non-interlaced P
NG to fix this)
>] [44

] [45] [46] [47]

Package Fancyhdr Warning: \fancyhead's `E' option without twoside option is use
less on input line 245.


Package Fancyhdr Warning: \fancyfoot's `E' option without twoside option is use
less on input line 245.


Overfull \hbox (148.38148pt too wide) in alignment at lines 264--270
 [] [] [] [] [] [] [] [] [] [] [] [] [] [] [] [] 
 []


Overfull \hbox (148.38148pt too wide) in alignment at lines 270--277
 [] [] [] [] [] [] [] [] [] [] [] [] [] [] [] [] 
 []

<images/chapter3/matriz/boton de emergencia.png, id=1036, 93.6225pt x 93.6225pt
>
File: images/chapter3/matriz/boton de emergencia.png Graphic file (type png)
<use images/chapter3/matriz/boton de emergencia.png>
Package pdftex.def Info: images/chapter3/matriz/boton de emergencia.png  used o
n input line 284.
(pdftex.def)             Requested size: 89.62482pt x 89.62941pt.

Underfull \hbox (badness 7540) in paragraph at lines 284--284
\T1/ptm/m/n/12 BotÛn de emer-
 []


Overfull \hbox (91.68245pt too wide) in alignment at lines 277--321
 [] [] [] [] [] [] [] [] [] [] [] [] [] [] [] [] 
 []


Package longtable Warning: Column widths have changed
(longtable)                in table 3.2 on input line 321.

[48

 <./images/chapter3/matriz/boton de emergencia.png>] [49]

Package longtable Warning: Column widths have changed
(longtable)                in table 3.3 on input line 354.


Package longtable Warning: Column widths have changed
(longtable)                in table 3.4 on input line 392.

[50]
Overfull \hbox (82.86562pt too wide) in alignment at lines 406--412
 [] [] [] [] 
 []


Overfull \hbox (82.86562pt too wide) in alignment at lines 412--419
 [] [] [] [] 
 []


Overfull \hbox (44.16667pt too wide) in alignment at lines 419--429
 [] [] [] [] 
 []


Package longtable Warning: Column widths have changed
(longtable)                in table 3.5 on input line 429.

[51]

Package longtable Warning: Column widths have changed
(longtable)                in table 3.6 on input line 466.


Overfull \hbox (46.78954pt too wide) in alignment at lines 479--485
 [] [] [] [] [] [] 
 []


Overfull \hbox (46.78954pt too wide) in alignment at lines 485--492
 [] [] [] [] [] [] 
 []


Overfull \hbox (10.10652pt too wide) in alignment at lines 492--508
 [] [] [] [] [] [] 
 []


Package longtable Warning: Column widths have changed
(longtable)                in table 3.7 on input line 508.

[52] [53]
<images/chapter3/dibujo conceptual de la problematica.png, id=1063, 472.383pt x
 340.326pt>
File: images/chapter3/dibujo conceptual de la problematica.png Graphic file (ty
pe png)
<use images/chapter3/dibujo conceptual de la problematica.png>
Package pdftex.def Info: images/chapter3/dibujo conceptual de la problematica.p
ng  used on input line 527.
(pdftex.def)             Requested size: 448.13095pt x 322.85608pt.
 [54

 <./images/chapter3/dibujo conceptual de la problematica.png>]
<images/chapter3/dibujo de concepto de solucion 1.png, id=1071, 475.9965pt x 34
4.925pt>
File: images/chapter3/dibujo de concepto de solucion 1.png Graphic file (type p
ng)
<use images/chapter3/dibujo de concepto de solucion 1.png>
Package pdftex.def Info: images/chapter3/dibujo de concepto de solucion 1.png  
used on input line 544.
(pdftex.def)             Requested size: 380.91403pt x 276.0351pt.

[55 <./images/chapter3/dibujo de concepto de solucion 1.png>]
<images/chapter3/dibujo de concepto de solucion 2.png, id=1078, 476.325pt x 327
.843pt>
File: images/chapter3/dibujo de concepto de solucion 2.png Graphic file (type p
ng)
<use images/chapter3/dibujo de concepto de solucion 2.png>
Package pdftex.def Info: images/chapter3/dibujo de concepto de solucion 2.png  
used on input line 561.
(pdftex.def)             Requested size: 380.91403pt x 262.1797pt.
 [56]
<images/chapter3/dibujo de concepto de solucion 3.png, id=1085, 405.01312pt x 3
61.35pt>
File: images/chapter3/dibujo de concepto de solucion 3.png Graphic file (type p
ng)
<use images/chapter3/dibujo de concepto de solucion 3.png>
Package pdftex.def Info: images/chapter3/dibujo de concepto de solucion 3.png  
used on input line 574.
(pdftex.def)             Requested size: 336.0982pt x 299.8708pt.
 [57 <./images/chapter3/dibujo de concepto de solucion 2.png>]

LaTeX Warning: Reference `dibujo de concepto de solucion 3' on page 58 undefine
d on input line 580.


LaTeX Warning: Reference `dibujo de distribucion de truchas' on page 58 undefin
ed on input line 580.

<images/chapter3/dibujo de distribucion de truchas.png, id=1093, 539.76656pt x 
456.95718pt>
File: images/chapter3/dibujo de distribucion de truchas.png Graphic file (type 
png)
<use images/chapter3/dibujo de distribucion de truchas.png>
Package pdftex.def Info: images/chapter3/dibujo de distribucion de truchas.png 
 used on input line 584.
(pdftex.def)             Requested size: 201.65755pt x 170.724pt.
[58 <./images/chapter3/dibujo de concepto de solucion 3.png>] [59 <./images/cha
pter3/dibujo de distribucion de truchas.png>] [60]
<images/chapter3/analisis tecnico economico.png, id=1115, 385.44pt x 268.75406p
t>
File: images/chapter3/analisis tecnico economico.png Graphic file (type png)
<use images/chapter3/analisis tecnico economico.png>
Package pdftex.def Info: images/chapter3/analisis tecnico economico.png  used o
n input line 874.
(pdftex.def)             Requested size: 336.0982pt x 234.34724pt.
 [61] [62 <./images/chapter3/analisis tecnico economico.png>]

Package Fancyhdr Warning: \fancyhead's `E' option without twoside option is use
less on input line 888.


Package Fancyhdr Warning: \fancyfoot's `E' option without twoside option is use
less on input line 888.

<images/chapter3/proceso de clasificacion y conteo manual.png, id=1129, 745.826
4pt x 515.2851pt>
File: images/chapter3/proceso de clasificacion y conteo manual.png Graphic file
 (type png)
<use images/chapter3/proceso de clasificacion y conteo manual.png>
Package pdftex.def Info: images/chapter3/proceso de clasificacion y conteo manu
al.png  used on input line 893.
(pdftex.def)             Requested size: 585.55522pt x 404.55473pt.
[63

 <./images/chapter3/proceso de clasificacion y conteo manual.png

pdfTeX warning: pdflatex.exe (file ./images/chapter3/proceso de clasificacion y
 conteo manual.png): large interlaced PNG might cause out of memory (use non-in
terlaced PNG to fix this)
>]
<images/chapter3/proceso de clasificacion y conteo propuesto.png, id=1135, 745.
8264pt x 514.0806pt>
File: images/chapter3/proceso de clasificacion y conteo propuesto.png Graphic f
ile (type png)
<use images/chapter3/proceso de clasificacion y conteo propuesto.png>
Package pdftex.def Info: images/chapter3/proceso de clasificacion y conteo prop
uesto.png  used on input line 903.
(pdftex.def)             Requested size: 585.55522pt x 403.60907pt.
 [64


 <./images/chapter3/proceso de clasificacion y conteo propuesto.png>]
<images/chapter3/flujograma de funcionamiento de la solucion optima.png, id=114
2, 615.2805pt x 423.765pt>
File: images/chapter3/flujograma de funcionamiento de la solucion optima.png Gr
aphic file (type png)
<use images/chapter3/flujograma de funcionamiento de la solucion optima.png>
Package pdftex.def Info: images/chapter3/flujograma de funcionamiento de la sol
ucion optima.png  used on input line 913.
(pdftex.def)             Requested size: 585.55522pt x 403.30513pt.

[65


 <./images/chapter3/flujograma de funcionamiento de la solucion optima.png>])
\openout2 = `chapters/chapter4.aux'.

 (chapters/chapter4.tex
Cap√≠tulo IV.
[66






]) [67]
\openout2 = `general/conclusions.aux'.

 (general/conclusions.tex
Cap√≠tulo V.
[68





]) [69

]
\openout2 = `general/bibliography.aux'.

 (general/bibliography.tex (main.bbl
Underfull \hbox (badness 3884) in paragraph at lines 46--61
[]\C70/rm/m/n/12/52 ) \C70/rm/m/n/12/5c ° \C70/rm/m/n/12/67 , \C70/rm/m/n/12/9a
 ÿ \C70/rm/m/n/12/70 ,\T1/ptm/m/n/12 , .  (2005).  \T1/ptm/m/it/12 Reared rain-
bow trout, breed-ing by meth-ods and a
 []


Underfull \hbox (badness 4048) in paragraph at lines 46--61
\T1/ptm/m/it/12 method for cul-ti-va-tion or farm-ing, aqua-cul-ture or farmed 
been rain-bow trout.
 []


Underfull \hbox (badness 2012) in paragraph at lines 73--86
[]\C70/rm/m/n/12/30 π ’ ß Û ˚ ≠ Â Õ Û\T1/ptm/m/n/12 .  (2010).  \T1/ptm/m/it/12
 Fish clas-si-fi-ca-tion de-vice and fish clas-si-fi-ca-tion
 []


Underfull \hbox (badness 10000) in paragraph at lines 98--111
[]$\T1/pcr/m/n/12 https :// www [] .agk [] -kronawitter [] .de / shop / Aquakul
tur [] -Teich / Sortiergeraete /
 []

[1





]
Underfull \hbox (badness 10000) in paragraph at lines 302--316
\T1/pcr/m/n/12 .faivre [] .fr / index [] .php / en / products / fish [] -counte
rs / en [] -pescavision [] -counter /
 []


Underfull \hbox (badness 1210) in paragraph at lines 328--341
[]\T1/ptm/m/n/12 FAIVRE.  (2018).  \T1/ptm/m/it/12 Prin-ci-ple of the SPS tech-
nol-ogy.  \T1/ptm/m/n/12 Re-trieved 2019-09-23, from
 []


Underfull \hbox (badness 10000) in paragraph at lines 328--341
[]$\T1/pcr/m/n/12 http :// www [] .faivre [] .fr / index [] .php / en / product
s / fish [] -graders / 19 [] -en [] -produits /
 []

pdfTeX warning (ext4): destination with the same identifier (name{page.}) has b
een already used, duplicate ignored
<to be read again> 
                   \relax 
l.406 FAO2005}
               [2]
Underfull \hbox (badness 5563) in paragraph at lines 410--423
[]\T1/ptm/m/n/12 FAO.  (2005).  \T1/ptm/m/it/12 Clasi-fi-ca-cion Por TamaÒo De 
Los Peces.  \T1/ptm/m/n/12 Re-trieved from
 []


Underfull \hbox (badness 10000) in paragraph at lines 410--423
[]$\T1/pcr/m/n/12 http :// www [] .fao [] .org / fishery / static / FAO [] []Tr
aining / FAO [] []Training / General /
 []

pdfTeX warning (ext4): destination with the same identifier (name{page.}) has b
een already used, duplicate ignored
<to be read again> 
                   \relax 
l.627 Martinez2003}
                    [3]
Underfull \hbox (badness 10000) in paragraph at lines 680--695
\T1/pcr/m/n/12 shortcode / oee [] -documentos [] -publicaciones / publicaciones
 [] -anuales / item /
 []

! Misplaced alignment tab character &.
<argument> Journal of Aquaculture Research &
                                             Development
l.722   Development}{09}{05}{}
                              .
I can't figure out why you would want to use a tab mark
here. If you just want an ampersand, the remedy is
simple: Just type `I\&' now. But if some right brace
up above has ended a previous alignment prematurely,
you're probably due for more error messages, and you
might try typing `S' now just to see what is salvageable.


Underfull \hbox (badness 2197) in paragraph at lines 772--787
[]\T1/ptm/m/n/12 Powell, K.  (2003, nov).  Eat your veg.  \T1/ptm/m/it/12 Na-tu
re\T1/ptm/m/n/12 , \T1/ptm/m/it/12 426\T1/ptm/m/n/12 (6965), 378--379.  Re-
 []

pdfTeX warning (ext4): destination with the same identifier (name{page.}) has b
een already used, duplicate ignored
<to be read again> 
                   \relax 
l.862 
       [4]))pdfTeX warning (ext4): destination with the same identifier (name{p
age.}) has been already used, duplicate ignored
<to be read again> 
                   \relax 
l.15 	\include{general/bibliography}
                                     [5]
\openout2 = `general/annexes.aux'.

 (general/annexes.tex)pdfTeX warning (ext4): destination with the same identifi
er (name{page.}) has been already used, duplicate ignored
<to be read again> 
                   \relax 
l.16 	\include{general/annexes}
                                [6



]

Package longtable Warning: Table widths have changed. Rerun LaTeX.

Package atveryend Info: Empty hook `BeforeClearDocument' on input line 17.
Package atveryend Info: Empty hook `AfterLastShipout' on input line 17.
(main.aux (general/cover.aux) (general/summary.aux) (general/introduction.aux)
(general/gratitude.aux) (general/table-of-content.aux) (chapters/chapter1.aux)
(chapters/chapter2.aux) (chapters/chapter3.aux) (chapters/chapter4.aux)
(general/conclusions.aux) (general/bibliography.aux) (general/annexes.aux))
Package atveryend Info: Executing hook `AtVeryEndDocument' on input line 17.
Package atveryend Info: Executing hook `AtEndAfterFileList' on input line 17.
Package rerunfilecheck Info: File `main.out' has not changed.
(rerunfilecheck)             Checksum: 528E0DA6D2803049AB6739221887E5C7;6093.


LaTeX Warning: There were undefined references.


LaTeX Warning: Label(s) may have changed. Rerun to get cross-references right.

 ) 
Here is how much of TeX's memory you used:
 23131 strings out of 480799
 377546 string characters out of 2905520
 726059 words of memory out of 3000000
 38113 multiletter control sequences out of 15000+200000
 617615 words of font info for 152 fonts, out of 3000000 for 9000
 1141 hyphenation exceptions out of 8191
 51i,24n,95p,1317b,637s stack positions out of 5000i,500n,10000p,200000b,50000s
pdfTeX warning (dest): name{Hfootnote.30} has been referenced but does not ex
ist, replaced by a fixed one

pdfTeX warning (dest): name{Hfootnote.29} has been referenced but does not exis
t, replaced by a fixed one

pdfTeX warning (dest): name{Hfootnote.28} has been referenced but does not exis
t, replaced by a fixed one

pdfTeX warning (dest): name{Hfootnote.26} has been referenced but does not exis
t, replaced by a fixed one

pdfTeX warning (dest): name{Hfootnote.25} has been referenced but does not exis
t, replaced by a fixed one

pdfTeX warning (dest): name{Hfootnote.24} has been referenced but does not exis
t, replaced by a fixed one

pdfTeX warning (dest): name{Hfootnote.23} has been referenced but does not exis
t, replaced by a fixed one

pdfTeX warning (dest): name{Hfootnote.22} has been referenced but does not exis
t, replaced by a fixed one

{C:/Program Files/MiKTeX 2.9/fonts/enc/dvips/base/8r.enc}<C:/WINDOWS/Fonts/sims
un.ttc><C:/WINDOWS/Fonts/simsun.ttc><C:/WINDOWS/Fonts/simsun.ttc><C:/WINDOWS/Fo
nts/simsun.ttc><C:/WINDOWS/Fonts/simsun.ttc><C:/WINDOWS/Fonts/simsun.ttc><C:/WI
NDOWS/Fonts/simsun.ttc><C:/WINDOWS/Fonts/simsun.ttc><C:/WINDOWS/Fonts/simsun.tt
c><C:/WINDOWS/Fonts/simsun.ttc><C:/WINDOWS/Fonts/simsun.ttc><C:/WINDOWS/Fonts/s
imsun.ttc><C:/WINDOWS/Fonts/simsun.ttc><C:/WINDOWS/Fonts/simsun.ttc><C:/WINDOWS
/Fonts/simsun.ttc

pdfTeX warning: pdflatex.exe (file C:/WINDOWS/Fonts/simsun.ttc): subfont unison
g30: wrong mapping: character 251 --> 0x30FB --> .notdef
><C:/WINDOWS/Fonts/simsun.ttc><C:/WINDOWS/Fonts/simsun.ttc><C:/WINDOWS/Fonts/si
msun.ttc><C:/WINDOWS/Fonts/simsun.ttc><C:/WINDOWS/Fonts/simsun.ttc><C:/WINDOWS/
Fonts/simsun.ttc><C:/WINDOWS/Fonts/simsun.ttc><C:/WINDOWS/Fonts/simsun.ttc><C:/
Program Files/MiKTeX 2.9/fonts/type1/public/amsfonts/cm/cmmi10.pfb><C:/Program 
Files/MiKTeX 2.9/fonts/type1/public/amsfonts/cm/cmsy10.pfb><C:/Program Files/Mi
KTeX 2.9/fonts/type1/urw/courier/ucrr8a.pfb><C:/Program Files/MiKTeX 2.9/fonts/
type1/urw/times/utmb8a.pfb><C:/Program Files/MiKTeX 2.9/fonts/type1/urw/times/u
tmbi8a.pfb><C:/Program Files/MiKTeX 2.9/fonts/type1/urw/times/utmr8a.pfb><C:/Pr
ogram Files/MiKTeX 2.9/fonts/type1/urw/times/utmri8a.pfb>
Output written on main.pdf (84 pages, 11926918 bytes).
PDF statistics:
 1427 PDF objects out of 1440 (max. 8388607)
 313 named destinations out of 1000 (max. 500000)
 602 words of extra memory for PDF output out of 10000 (max. 10000000)

